{"C:\\Users\\zahra\\Documents\\FUTUREPROOF\\WEEK-4\\Lap-1-Project\\the-pythonpuff-girls\\server\\app.js": {"path":"C:\\Users\\zahra\\Documents\\FUTUREPROOF\\WEEK-4\\Lap-1-Project\\the-pythonpuff-girls\\server\\app.js","statementMap":{"0":{"start":{"line":1,"column":16},"end":{"line":1,"column":34}},"1":{"start":{"line":2,"column":13},"end":{"line":2,"column":28}},"2":{"start":{"line":3,"column":12},"end":{"line":3,"column":21}},"3":{"start":{"line":4,"column":13},"end":{"line":4,"column":30}},"4":{"start":{"line":5,"column":0},"end":{"line":5,"column":26}},"5":{"start":{"line":6,"column":14},"end":{"line":6,"column":38}},"6":{"start":{"line":8,"column":0},"end":{"line":8,"column":16}},"7":{"start":{"line":9,"column":0},"end":{"line":9,"column":24}},"8":{"start":{"line":13,"column":0},"end":{"line":15,"column":5}},"9":{"start":{"line":14,"column":4},"end":{"line":14,"column":29}},"10":{"start":{"line":18,"column":0},"end":{"line":20,"column":3}},"11":{"start":{"line":19,"column":2},"end":{"line":19,"column":21}},"12":{"start":{"line":24,"column":0},"end":{"line":36,"column":3}},"13":{"start":{"line":25,"column":4},"end":{"line":35,"column":7}},"14":{"start":{"line":26,"column":19},"end":{"line":26,"column":42}},"15":{"start":{"line":27,"column":8},"end":{"line":29,"column":9}},"16":{"start":{"line":28,"column":10},"end":{"line":28,"column":44}},"17":{"start":{"line":30,"column":21},"end":{"line":30,"column":37}},"18":{"start":{"line":31,"column":8},"end":{"line":31,"column":74}},"19":{"start":{"line":33,"column":8},"end":{"line":33,"column":29}},"20":{"start":{"line":34,"column":8},"end":{"line":34,"column":32}},"21":{"start":{"line":38,"column":0},"end":{"line":50,"column":3}},"22":{"start":{"line":39,"column":2},"end":{"line":49,"column":3}},"23":{"start":{"line":40,"column":15},"end":{"line":40,"column":38}},"24":{"start":{"line":41,"column":4},"end":{"line":43,"column":5}},"25":{"start":{"line":42,"column":6},"end":{"line":42,"column":40}},"26":{"start":{"line":44,"column":17},"end":{"line":44,"column":33}},"27":{"start":{"line":45,"column":4},"end":{"line":45,"column":28}},"28":{"start":{"line":47,"column":4},"end":{"line":47,"column":25}},"29":{"start":{"line":48,"column":4},"end":{"line":48,"column":28}},"30":{"start":{"line":52,"column":0},"end":{"line":72,"column":2}},"31":{"start":{"line":54,"column":2},"end":{"line":71,"column":3}},"32":{"start":{"line":55,"column":19},"end":{"line":55,"column":36}},"33":{"start":{"line":57,"column":4},"end":{"line":59,"column":5}},"34":{"start":{"line":58,"column":6},"end":{"line":58,"column":39}},"35":{"start":{"line":60,"column":16},"end":{"line":60,"column":117}},"36":{"start":{"line":62,"column":4},"end":{"line":68,"column":6}},"37":{"start":{"line":64,"column":6},"end":{"line":64,"column":34}},"38":{"start":{"line":67,"column":6},"end":{"line":67,"column":29}},"39":{"start":{"line":70,"column":4},"end":{"line":70,"column":27}},"40":{"start":{"line":76,"column":0},"end":{"line":83,"column":3}},"41":{"start":{"line":77,"column":13},"end":{"line":77,"column":34}},"42":{"start":{"line":78,"column":18},"end":{"line":78,"column":35}},"43":{"start":{"line":79,"column":2},"end":{"line":79,"column":31}},"44":{"start":{"line":80,"column":15},"end":{"line":80,"column":31}},"45":{"start":{"line":81,"column":2},"end":{"line":81,"column":28}},"46":{"start":{"line":82,"column":2},"end":{"line":82,"column":23}},"47":{"start":{"line":85,"column":0},"end":{"line":85,"column":21}},"48":{"start":{"line":88,"column":0},"end":{"line":93,"column":3}},"49":{"start":{"line":90,"column":2},"end":{"line":90,"column":25}},"50":{"start":{"line":91,"column":2},"end":{"line":91,"column":23}},"51":{"start":{"line":92,"column":2},"end":{"line":92,"column":21}},"52":{"start":{"line":98,"column":0},"end":{"line":105,"column":3}},"53":{"start":{"line":99,"column":13},"end":{"line":99,"column":34}},"54":{"start":{"line":101,"column":2},"end":{"line":101,"column":28}},"55":{"start":{"line":102,"column":15},"end":{"line":102,"column":31}},"56":{"start":{"line":103,"column":2},"end":{"line":103,"column":30}},"57":{"start":{"line":104,"column":2},"end":{"line":104,"column":23}},"58":{"start":{"line":107,"column":0},"end":{"line":114,"column":3}},"59":{"start":{"line":108,"column":13},"end":{"line":108,"column":34}},"60":{"start":{"line":110,"column":2},"end":{"line":110,"column":32}},"61":{"start":{"line":111,"column":15},"end":{"line":111,"column":31}},"62":{"start":{"line":112,"column":2},"end":{"line":112,"column":34}},"63":{"start":{"line":113,"column":2},"end":{"line":113,"column":23}},"64":{"start":{"line":116,"column":0},"end":{"line":123,"column":3}},"65":{"start":{"line":117,"column":13},"end":{"line":117,"column":34}},"66":{"start":{"line":119,"column":2},"end":{"line":119,"column":28}},"67":{"start":{"line":120,"column":15},"end":{"line":120,"column":31}},"68":{"start":{"line":121,"column":2},"end":{"line":121,"column":30}},"69":{"start":{"line":122,"column":2},"end":{"line":122,"column":23}},"70":{"start":{"line":125,"column":0},"end":{"line":125,"column":21}}},"fnMap":{"0":{"name":"(anonymous_0)","decl":{"start":{"line":13,"column":13},"end":{"line":13,"column":14}},"loc":{"start":{"line":13,"column":27},"end":{"line":15,"column":3}},"line":13},"1":{"name":"(anonymous_1)","decl":{"start":{"line":18,"column":18},"end":{"line":18,"column":19}},"loc":{"start":{"line":18,"column":32},"end":{"line":20,"column":1}},"line":18},"2":{"name":"(anonymous_2)","decl":{"start":{"line":24,"column":22},"end":{"line":24,"column":23}},"loc":{"start":{"line":24,"column":36},"end":{"line":36,"column":1}},"line":24},"3":{"name":"(anonymous_3)","decl":{"start":{"line":38,"column":31},"end":{"line":38,"column":32}},"loc":{"start":{"line":38,"column":45},"end":{"line":50,"column":1}},"line":38},"4":{"name":"(anonymous_4)","decl":{"start":{"line":52,"column":25},"end":{"line":52,"column":26}},"loc":{"start":{"line":52,"column":39},"end":{"line":72,"column":1}},"line":52},"5":{"name":"(anonymous_5)","decl":{"start":{"line":63,"column":10},"end":{"line":63,"column":11}},"loc":{"start":{"line":63,"column":30},"end":{"line":65,"column":5}},"line":63},"6":{"name":"(anonymous_6)","decl":{"start":{"line":66,"column":11},"end":{"line":66,"column":12}},"loc":{"start":{"line":66,"column":28},"end":{"line":68,"column":5}},"line":66},"7":{"name":"(anonymous_7)","decl":{"start":{"line":76,"column":32},"end":{"line":76,"column":33}},"loc":{"start":{"line":76,"column":46},"end":{"line":83,"column":1}},"line":76},"8":{"name":"(anonymous_8)","decl":{"start":{"line":88,"column":23},"end":{"line":88,"column":24}},"loc":{"start":{"line":88,"column":37},"end":{"line":93,"column":1}},"line":88},"9":{"name":"(anonymous_9)","decl":{"start":{"line":98,"column":38},"end":{"line":98,"column":39}},"loc":{"start":{"line":98,"column":52},"end":{"line":105,"column":1}},"line":98},"10":{"name":"(anonymous_10)","decl":{"start":{"line":107,"column":42},"end":{"line":107,"column":43}},"loc":{"start":{"line":107,"column":56},"end":{"line":114,"column":1}},"line":107},"11":{"name":"(anonymous_11)","decl":{"start":{"line":116,"column":38},"end":{"line":116,"column":39}},"loc":{"start":{"line":116,"column":52},"end":{"line":123,"column":1}},"line":116}},"branchMap":{"0":{"loc":{"start":{"line":27,"column":8},"end":{"line":29,"column":9}},"type":"if","locations":[{"start":{"line":27,"column":8},"end":{"line":29,"column":9}},{"start":{},"end":{}}],"line":27},"1":{"loc":{"start":{"line":27,"column":12},"end":{"line":27,"column":39}},"type":"binary-expr","locations":[{"start":{"line":27,"column":12},"end":{"line":27,"column":32}},{"start":{"line":27,"column":36},"end":{"line":27,"column":39}}],"line":27},"2":{"loc":{"start":{"line":41,"column":4},"end":{"line":43,"column":5}},"type":"if","locations":[{"start":{"line":41,"column":4},"end":{"line":43,"column":5}},{"start":{},"end":{}}],"line":41},"3":{"loc":{"start":{"line":41,"column":8},"end":{"line":41,"column":35}},"type":"binary-expr","locations":[{"start":{"line":41,"column":8},"end":{"line":41,"column":28}},{"start":{"line":41,"column":32},"end":{"line":41,"column":35}}],"line":41},"4":{"loc":{"start":{"line":57,"column":4},"end":{"line":59,"column":5}},"type":"if","locations":[{"start":{"line":57,"column":4},"end":{"line":59,"column":5}},{"start":{},"end":{}}],"line":57}},"s":{"0":1,"1":1,"2":1,"3":1,"4":1,"5":1,"6":1,"7":1,"8":1,"9":1,"10":1,"11":1,"12":1,"13":2,"14":2,"15":2,"16":0,"17":2,"18":2,"19":0,"20":0,"21":1,"22":1,"23":1,"24":1,"25":0,"26":1,"27":1,"28":0,"29":0,"30":1,"31":1,"32":1,"33":1,"34":0,"35":1,"36":1,"37":1,"38":0,"39":0,"40":1,"41":0,"42":0,"43":0,"44":0,"45":0,"46":0,"47":1,"48":1,"49":0,"50":0,"51":0,"52":1,"53":0,"54":0,"55":0,"56":0,"57":0,"58":1,"59":0,"60":0,"61":0,"62":0,"63":0,"64":1,"65":0,"66":0,"67":0,"68":0,"69":0,"70":1},"f":{"0":1,"1":1,"2":2,"3":1,"4":1,"5":1,"6":0,"7":0,"8":0,"9":0,"10":0,"11":0},"b":{"0":[0,2],"1":[2,2],"2":[0,1],"3":[1,1],"4":[0,1]},"_coverageSchema":"1a1c01bbd47fc00a2c39e90264f33305004495a9","hash":"f12553f63abe38dcd38943d57bddc79b42a48683"}
,"C:\\Users\\zahra\\Documents\\FUTUREPROOF\\WEEK-4\\Lap-1-Project\\the-pythonpuff-girls\\server\\post.js": {"path":"C:\\Users\\zahra\\Documents\\FUTUREPROOF\\WEEK-4\\Lap-1-Project\\the-pythonpuff-girls\\server\\post.js","statementMap":{"0":{"start":{"line":1,"column":17},"end":{"line":1,"column":43}},"1":{"start":{"line":5,"column":4},"end":{"line":5,"column":22}},"2":{"start":{"line":6,"column":4},"end":{"line":6,"column":32}},"3":{"start":{"line":7,"column":4},"end":{"line":7,"column":53}},"4":{"start":{"line":8,"column":4},"end":{"line":8,"column":25}},"5":{"start":{"line":9,"column":4},"end":{"line":9,"column":29}},"6":{"start":{"line":12,"column":4},"end":{"line":12,"column":19}},"7":{"start":{"line":15,"column":15},"end":{"line":15,"column":34}},"8":{"start":{"line":16,"column":20},"end":{"line":16,"column":47}},"9":{"start":{"line":17,"column":4},"end":{"line":17,"column":27}},"10":{"start":{"line":18,"column":4},"end":{"line":18,"column":19}},"11":{"start":{"line":21,"column":18},"end":{"line":21,"column":26}},"12":{"start":{"line":22,"column":15},"end":{"line":22,"column":51}},"13":{"start":{"line":22,"column":36},"end":{"line":22,"column":50}},"14":{"start":{"line":23,"column":4},"end":{"line":23,"column":16}},"15":{"start":{"line":26,"column":23},"end":{"line":26,"column":39}},"16":{"start":{"line":27,"column":4},"end":{"line":27,"column":37}},"17":{"start":{"line":31,"column":23},"end":{"line":31,"column":39}},"18":{"start":{"line":32,"column":4},"end":{"line":32,"column":30}},"19":{"start":{"line":33,"column":4},"end":{"line":33,"column":21}},"20":{"start":{"line":36,"column":23},"end":{"line":36,"column":39}},"21":{"start":{"line":37,"column":4},"end":{"line":37,"column":34}},"22":{"start":{"line":38,"column":4},"end":{"line":38,"column":21}},"23":{"start":{"line":41,"column":23},"end":{"line":41,"column":39}},"24":{"start":{"line":42,"column":4},"end":{"line":42,"column":30}},"25":{"start":{"line":47,"column":0},"end":{"line":47,"column":22}}},"fnMap":{"0":{"name":"(anonymous_0)","decl":{"start":{"line":4,"column":2},"end":{"line":4,"column":3}},"loc":{"start":{"line":4,"column":20},"end":{"line":10,"column":3}},"line":4},"1":{"name":"(anonymous_1)","decl":{"start":{"line":11,"column":2},"end":{"line":11,"column":3}},"loc":{"start":{"line":11,"column":19},"end":{"line":13,"column":3}},"line":11},"2":{"name":"(anonymous_2)","decl":{"start":{"line":14,"column":2},"end":{"line":14,"column":3}},"loc":{"start":{"line":14,"column":23},"end":{"line":19,"column":3}},"line":14},"3":{"name":"(anonymous_3)","decl":{"start":{"line":20,"column":2},"end":{"line":20,"column":3}},"loc":{"start":{"line":20,"column":21},"end":{"line":24,"column":3}},"line":20},"4":{"name":"(anonymous_4)","decl":{"start":{"line":22,"column":28},"end":{"line":22,"column":29}},"loc":{"start":{"line":22,"column":36},"end":{"line":22,"column":50}},"line":22},"5":{"name":"(anonymous_5)","decl":{"start":{"line":25,"column":2},"end":{"line":25,"column":3}},"loc":{"start":{"line":25,"column":33},"end":{"line":28,"column":3}},"line":25},"6":{"name":"(anonymous_6)","decl":{"start":{"line":30,"column":2},"end":{"line":30,"column":3}},"loc":{"start":{"line":30,"column":30},"end":{"line":34,"column":3}},"line":30},"7":{"name":"(anonymous_7)","decl":{"start":{"line":35,"column":2},"end":{"line":35,"column":3}},"loc":{"start":{"line":35,"column":34},"end":{"line":39,"column":3}},"line":35},"8":{"name":"(anonymous_8)","decl":{"start":{"line":40,"column":2},"end":{"line":40,"column":3}},"loc":{"start":{"line":40,"column":30},"end":{"line":43,"column":3}},"line":40}},"branchMap":{},"s":{"0":1,"1":0,"2":0,"3":0,"4":0,"5":0,"6":7,"7":0,"8":0,"9":0,"10":0,"11":3,"12":3,"13":15,"14":3,"15":0,"16":0,"17":0,"18":0,"19":0,"20":0,"21":0,"22":0,"23":0,"24":0,"25":1},"f":{"0":0,"1":7,"2":0,"3":3,"4":15,"5":0,"6":0,"7":0,"8":0},"b":{},"_coverageSchema":"1a1c01bbd47fc00a2c39e90264f33305004495a9","hash":"23dac725dd55568312fb7f80988bf320f33bc609"}
}
