TN:
SF:server\app.js
FN:13,(anonymous_0)
FN:18,(anonymous_1)
FN:24,(anonymous_2)
FN:38,(anonymous_3)
FN:52,(anonymous_4)
FN:63,(anonymous_5)
FN:66,(anonymous_6)
FN:76,(anonymous_7)
FN:88,(anonymous_8)
FN:98,(anonymous_9)
FN:107,(anonymous_10)
FN:116,(anonymous_11)
FNF:12
FNH:7
FNDA:1,(anonymous_0)
FNDA:2,(anonymous_1)
FNDA:2,(anonymous_2)
FNDA:1,(anonymous_3)
FNDA:1,(anonymous_4)
FNDA:1,(anonymous_5)
FNDA:0,(anonymous_6)
FNDA:1,(anonymous_7)
FNDA:0,(anonymous_8)
FNDA:0,(anonymous_9)
FNDA:0,(anonymous_10)
FNDA:0,(anonymous_11)
DA:1,2
DA:2,2
DA:3,2
DA:4,2
DA:5,2
DA:6,2
DA:8,2
DA:9,2
DA:13,2
DA:14,1
DA:18,2
DA:19,2
DA:24,2
DA:25,2
DA:26,2
DA:27,2
DA:28,0
DA:30,2
DA:31,2
DA:33,0
DA:34,0
DA:38,2
DA:39,1
DA:40,1
DA:41,1
DA:42,0
DA:44,1
DA:45,1
DA:47,0
DA:48,0
DA:52,2
DA:54,1
DA:55,1
DA:57,1
DA:58,0
DA:60,1
DA:62,1
DA:64,1
DA:67,0
DA:70,0
DA:76,2
DA:77,1
DA:78,1
DA:79,1
DA:80,0
DA:81,0
DA:82,0
DA:85,2
DA:88,2
DA:90,0
DA:91,0
DA:92,0
DA:98,2
DA:99,0
DA:101,0
DA:102,0
DA:103,0
DA:104,0
DA:107,2
DA:108,0
DA:110,0
DA:111,0
DA:112,0
DA:113,0
DA:116,2
DA:117,0
DA:119,0
DA:120,0
DA:121,0
DA:122,0
DA:125,2
LF:71
LH:41
BRDA:27,0,0,0
BRDA:27,0,1,2
BRDA:27,1,0,2
BRDA:27,1,1,2
BRDA:41,2,0,0
BRDA:41,2,1,1
BRDA:41,3,0,1
BRDA:41,3,1,1
BRDA:57,4,0,0
BRDA:57,4,1,1
BRF:10
BRH:7
end_of_record
TN:
SF:server\post.js
FN:4,(anonymous_0)
FN:11,(anonymous_1)
FN:14,(anonymous_2)
FN:20,(anonymous_3)
FN:22,(anonymous_4)
FN:25,(anonymous_5)
FN:30,(anonymous_6)
FN:35,(anonymous_7)
FN:40,(anonymous_8)
FNF:9
FNH:6
FNDA:1,(anonymous_0)
FNDA:11,(anonymous_1)
FNDA:1,(anonymous_2)
FNDA:4,(anonymous_3)
FNDA:20,(anonymous_4)
FNDA:1,(anonymous_5)
FNDA:0,(anonymous_6)
FNDA:0,(anonymous_7)
FNDA:0,(anonymous_8)
DA:1,2
DA:5,1
DA:6,1
DA:7,1
DA:8,1
DA:9,1
DA:12,11
DA:15,1
DA:16,1
DA:17,1
DA:18,1
DA:21,4
DA:22,20
DA:23,4
DA:26,1
DA:27,1
DA:31,0
DA:32,0
DA:33,0
DA:36,0
DA:37,0
DA:38,0
DA:41,0
DA:42,0
DA:47,2
LF:25
LH:17
BRF:0
BRH:0
end_of_record
